Arguments: 
  /usr/local/bin/node /usr/local/Cellar/yarn/1.22.4/libexec/bin/yarn.js install

PATH: 
  /usr/local/bin:/usr/bin:/bin:/usr/sbin:/sbin:/Library/Apple/usr/bin:/Users/youjiti/Applications/mongodb/bin

Yarn version: 
  1.22.4

Node version: 
  12.19.0

Platform: 
  darwin x64

Trace: 
  Error: write EPROTO 4530212288:error:14094417:SSL routines:ssl3_read_bytes:sslv3 alert illegal parameter:../deps/openssl/openssl/ssl/record/rec_layer_s3.c:1544:SSL alert number 47
  
      at WriteWrap.onWriteComplete [as oncomplete] (internal/stream_base_commons.js:94:16)

npm manifest: 
  {
    "name": "tocss",
  	"displayName": "toCss",
  	"description": "",
  	"version": "0.0.1",
  	"engines": {
  		"vscode": "^1.46.0"
  	},
  	"categories": [
  		"Other"
  	],
  	"activationEvents": [
          "onCommand:tocss.helloWorld"
  	],
  	"main": "./out/extension.js",
  	"contributes": {
  		"commands": [
  			{
  				"command": "tocss.helloWorld",
  				"title": "Hello World"
  			}
  		]
  	},
  	"scripts": {
  		"vscode:prepublish": "yarn run compile",
  		"compile": "tsc -p ./",
  		"lint": "eslint src --ext ts",
  		"watch": "tsc -watch -p ./",
  		"pretest": "yarn run compile && yarn run lint",
  		"test": "node ./out/test/runTest.js"
  	},
  	"devDependencies": {
  		"@types/vscode": "^1.46.0",
  		"@types/glob": "^7.1.3",
  		"@types/mocha": "^8.0.0",
  		"@types/node": "^14.0.27",
  		"eslint": "^7.6.0",
  		"@typescript-eslint/eslint-plugin": "^3.8.0",
  		"@typescript-eslint/parser": "^3.8.0",
  		"glob": "^7.1.6",
  		"mocha": "^8.0.1",
  		"typescript": "^3.8.3",
  		"vscode-test": "^1.4.0"
  	}
  }

yarn manifest: 
  No manifest

Lockfile: 
  No lockfile
